[23-Dec-2020 07:37:40 UTC] WordPress database error Unknown column 'wp_' in 'field list' for query SELECT wp_
[05-Feb-2021 18:35:51 UTC] PHP Fatal error:  Uncaught TypeError: Argument 1 passed to GraphQL\Type\Definition\Type::getNullableType() must be an instance of GraphQL\Type\Definition\Type, null given, called in /home/fahdikrie/bbbadi/2020-wordpress/public_html/wp-content/plugins/wp-graphql/vendor/webonyx/graphql-php/src/Validator/Rules/ValuesOfCorrectType.php on line 75 and defined in /home/fahdikrie/bbbadi/2020-wordpress/public_html/wp-content/plugins/wp-graphql/vendor/webonyx/graphql-php/src/Type/Definition/Type.php:293
Stack trace:
#0 /home/fahdikrie/bbbadi/2020-wordpress/public_html/wp-content/plugins/wp-graphql/vendor/webonyx/graphql-php/src/Validator/Rules/ValuesOfCorrectType.php(75): GraphQL\Type\Definition\Type::getNullableType(NULL)
#1 /home/fahdikrie/bbbadi/2020-wordpress/public_html/wp-content/plugins/wp-graphql/vendor/webonyx/graphql-php/src/Language/Visitor.php(414): GraphQL\Validator\Rules\ValuesOfCorrectType->GraphQL\Validator\Rules\{closure}(Object(GraphQL\Language\AST\ListValueNode), 'value', Object(GraphQL\Language\AST\ObjectFieldNode),  in /home/fahdikrie/bbbadi/2020-wordpress/public_html/wp-content/plugins/wp-graphql/vendor/webonyx/graphql-php/src/Type/Definition/Type.php on line 293
[05-Feb-2021 18:36:23 UTC] PHP Warning:  in_array() expects parameter 2 to be array, null given in /home/fahdikrie/bbbadi/2020-wordpress/public_html/wp-content/plugins/wp-graphql-acf-master/src/class-config.php on line 58
[05-Feb-2021 18:36:23 UTC] PHP Warning:  in_array() expects parameter 2 to be array, null given in /home/fahdikrie/bbbadi/2020-wordpress/public_html/wp-content/plugins/wp-graphql-acf-master/src/class-config.php on line 58
[05-Feb-2021 18:36:23 UTC] PHP Warning:  in_array() expects parameter 2 to be array, null given in /home/fahdikrie/bbbadi/2020-wordpress/public_html/wp-content/plugins/wp-graphql-acf-master/src/class-config.php on line 58
[05-Feb-2021 18:36:47 UTC] PHP Warning:  in_array() expects parameter 2 to be array, null given in /home/fahdikrie/bbbadi/2020-wordpress/public_html/wp-content/plugins/wp-graphql-acf-master/src/class-config.php on line 58
[05-Feb-2021 18:36:47 UTC] PHP Warning:  in_array() expects parameter 2 to be array, null given in /home/fahdikrie/bbbadi/2020-wordpress/public_html/wp-content/plugins/wp-graphql-acf-master/src/class-config.php on line 58
[05-Feb-2021 18:36:49 UTC] PHP Warning:  in_array() expects parameter 2 to be array, null given in /home/fahdikrie/bbbadi/2020-wordpress/public_html/wp-content/plugins/wp-graphql-acf-master/src/class-config.php on line 58
[05-Feb-2021 18:36:49 UTC] PHP Warning:  in_array() expects parameter 2 to be array, null given in /home/fahdikrie/bbbadi/2020-wordpress/public_html/wp-content/plugins/wp-graphql-acf-master/src/class-config.php on line 58
[05-Feb-2021 18:37:01 UTC] PHP Warning:  in_array() expects parameter 2 to be array, null given in /home/fahdikrie/bbbadi/2020-wordpress/public_html/wp-content/plugins/wp-graphql-acf-master/src/class-config.php on line 58
[05-Feb-2021 18:37:01 UTC] PHP Warning:  in_array() expects parameter 2 to be array, null given in /home/fahdikrie/bbbadi/2020-wordpress/public_html/wp-content/plugins/wp-graphql-acf-master/src/class-config.php on line 58
[05-Feb-2021 19:34:44 UTC] PHP Warning:  in_array() expects parameter 2 to be array, null given in /home/fahdikrie/bbbadi/2020-wordpress/public_html/wp-content/plugins/wp-graphql-acf-master/src/class-config.php on line 58
[05-Feb-2021 19:34:44 UTC] PHP Warning:  in_array() expects parameter 2 to be array, null given in /home/fahdikrie/bbbadi/2020-wordpress/public_html/wp-content/plugins/wp-graphql-acf-master/src/class-config.php on line 58
[05-Feb-2021 19:34:44 UTC] PHP Warning:  in_array() expects parameter 2 to be array, null given in /home/fahdikrie/bbbadi/2020-wordpress/public_html/wp-content/plugins/wp-graphql-acf-master/src/class-config.php on line 58
[05-Feb-2021 19:37:30 UTC] PHP Warning:  in_array() expects parameter 2 to be array, null given in /home/fahdikrie/bbbadi/2020-wordpress/public_html/wp-content/plugins/wp-graphql-acf-master/src/class-config.php on line 58
[05-Feb-2021 19:37:30 UTC] PHP Warning:  in_array() expects parameter 2 to be array, null given in /home/fahdikrie/bbbadi/2020-wordpress/public_html/wp-content/plugins/wp-graphql-acf-master/src/class-config.php on line 58
[05-Feb-2021 19:37:37 UTC] PHP Warning:  in_array() expects parameter 2 to be array, null given in /home/fahdikrie/bbbadi/2020-wordpress/public_html/wp-content/plugins/wp-graphql-acf-master/src/class-config.php on line 58
[05-Feb-2021 19:37:37 UTC] PHP Warning:  in_array() expects parameter 2 to be array, null given in /home/fahdikrie/bbbadi/2020-wordpress/public_html/wp-content/plugins/wp-graphql-acf-master/src/class-config.php on line 58
[05-Feb-2021 19:37:39 UTC] PHP Warning:  in_array() expects parameter 2 to be array, null given in /home/fahdikrie/bbbadi/2020-wordpress/public_html/wp-content/plugins/wp-graphql-acf-master/src/class-config.php on line 58
[05-Feb-2021 19:37:39 UTC] PHP Warning:  in_array() expects parameter 2 to be array, null given in /home/fahdikrie/bbbadi/2020-wordpress/public_html/wp-content/plugins/wp-graphql-acf-master/src/class-config.php on line 58
[05-Feb-2021 19:37:47 UTC] PHP Warning:  in_array() expects parameter 2 to be array, null given in /home/fahdikrie/bbbadi/2020-wordpress/public_html/wp-content/plugins/wp-graphql-acf-master/src/class-config.php on line 58
[05-Feb-2021 19:37:48 UTC] PHP Warning:  in_array() expects parameter 2 to be array, null given in /home/fahdikrie/bbbadi/2020-wordpress/public_html/wp-content/plugins/wp-graphql-acf-master/src/class-config.php on line 58
[05-Feb-2021 19:37:54 UTC] PHP Warning:  in_array() expects parameter 2 to be array, null given in /home/fahdikrie/bbbadi/2020-wordpress/public_html/wp-content/plugins/wp-graphql-acf-master/src/class-config.php on line 58
[05-Feb-2021 19:37:54 UTC] PHP Warning:  in_array() expects parameter 2 to be array, null given in /home/fahdikrie/bbbadi/2020-wordpress/public_html/wp-content/plugins/wp-graphql-acf-master/src/class-config.php on line 58
[05-Feb-2021 19:37:58 UTC] PHP Warning:  in_array() expects parameter 2 to be array, null given in /home/fahdikrie/bbbadi/2020-wordpress/public_html/wp-content/plugins/wp-graphql-acf-master/src/class-config.php on line 58
[05-Feb-2021 19:37:58 UTC] PHP Warning:  in_array() expects parameter 2 to be array, null given in /home/fahdikrie/bbbadi/2020-wordpress/public_html/wp-content/plugins/wp-graphql-acf-master/src/class-config.php on line 58
[05-Feb-2021 19:50:02 UTC] PHP Warning:  in_array() expects parameter 2 to be array, null given in /home/fahdikrie/bbbadi/2020-wordpress/public_html/wp-content/plugins/wp-graphql-acf-master/src/class-config.php on line 58
[05-Feb-2021 19:50:02 UTC] PHP Warning:  in_array() expects parameter 2 to be array, null given in /home/fahdikrie/bbbadi/2020-wordpress/public_html/wp-content/plugins/wp-graphql-acf-master/src/class-config.php on line 58
[05-Feb-2021 19:50:18 UTC] PHP Warning:  in_array() expects parameter 2 to be array, null given in /home/fahdikrie/bbbadi/2020-wordpress/public_html/wp-content/plugins/wp-graphql-acf-master/src/class-config.php on line 58
[05-Feb-2021 19:50:18 UTC] PHP Warning:  in_array() expects parameter 2 to be array, null given in /home/fahdikrie/bbbadi/2020-wordpress/public_html/wp-content/plugins/wp-graphql-acf-master/src/class-config.php on line 58
[05-Feb-2021 19:50:18 UTC] PHP Warning:  in_array() expects parameter 2 to be array, null given in /home/fahdikrie/bbbadi/2020-wordpress/public_html/wp-content/plugins/wp-graphql-acf-master/src/class-config.php on line 58
[05-Feb-2021 19:51:57 UTC] PHP Warning:  in_array() expects parameter 2 to be array, null given in /home/fahdikrie/bbbadi/2020-wordpress/public_html/wp-content/plugins/wp-graphql-acf-master/src/class-config.php on line 58
[05-Feb-2021 19:51:57 UTC] PHP Warning:  in_array() expects parameter 2 to be array, null given in /home/fahdikrie/bbbadi/2020-wordpress/public_html/wp-content/plugins/wp-graphql-acf-master/src/class-config.php on line 58
[05-Feb-2021 19:51:57 UTC] PHP Warning:  in_array() expects parameter 2 to be array, null given in /home/fahdikrie/bbbadi/2020-wordpress/public_html/wp-content/plugins/wp-graphql-acf-master/src/class-config.php on line 58
[05-Feb-2021 19:53:06 UTC] PHP Warning:  in_array() expects parameter 2 to be array, null given in /home/fahdikrie/bbbadi/2020-wordpress/public_html/wp-content/plugins/wp-graphql-acf-master/src/class-config.php on line 58
[05-Feb-2021 19:53:06 UTC] PHP Warning:  in_array() expects parameter 2 to be array, null given in /home/fahdikrie/bbbadi/2020-wordpress/public_html/wp-content/plugins/wp-graphql-acf-master/src/class-config.php on line 58
[05-Feb-2021 19:53:06 UTC] PHP Warning:  in_array() expects parameter 2 to be array, null given in /home/fahdikrie/bbbadi/2020-wordpress/public_html/wp-content/plugins/wp-graphql-acf-master/src/class-config.php on line 58
[05-Feb-2021 19:54:09 UTC] PHP Warning:  in_array() expects parameter 2 to be array, null given in /home/fahdikrie/bbbadi/2020-wordpress/public_html/wp-content/plugins/wp-graphql-acf-master/src/class-config.php on line 58
[05-Feb-2021 19:54:09 UTC] PHP Warning:  in_array() expects parameter 2 to be array, null given in /home/fahdikrie/bbbadi/2020-wordpress/public_html/wp-content/plugins/wp-graphql-acf-master/src/class-config.php on line 58
[05-Feb-2021 19:54:09 UTC] PHP Warning:  in_array() expects parameter 2 to be array, null given in /home/fahdikrie/bbbadi/2020-wordpress/public_html/wp-content/plugins/wp-graphql-acf-master/src/class-config.php on line 58
[05-Feb-2021 19:56:32 UTC] PHP Warning:  in_array() expects parameter 2 to be array, null given in /home/fahdikrie/bbbadi/2020-wordpress/public_html/wp-content/plugins/wp-graphql-acf-master/src/class-config.php on line 58
[05-Feb-2021 19:56:32 UTC] PHP Warning:  in_array() expects parameter 2 to be array, null given in /home/fahdikrie/bbbadi/2020-wordpress/public_html/wp-content/plugins/wp-graphql-acf-master/src/class-config.php on line 58
[05-Feb-2021 19:56:32 UTC] PHP Warning:  in_array() expects parameter 2 to be array, null given in /home/fahdikrie/bbbadi/2020-wordpress/public_html/wp-content/plugins/wp-graphql-acf-master/src/class-config.php on line 58
[05-Feb-2021 19:56:39 UTC] PHP Warning:  in_array() expects parameter 2 to be array, null given in /home/fahdikrie/bbbadi/2020-wordpress/public_html/wp-content/plugins/wp-graphql-acf-master/src/class-config.php on line 58
[05-Feb-2021 19:56:39 UTC] PHP Warning:  in_array() expects parameter 2 to be array, null given in /home/fahdikrie/bbbadi/2020-wordpress/public_html/wp-content/plugins/wp-graphql-acf-master/src/class-config.php on line 58
[05-Feb-2021 19:56:39 UTC] PHP Warning:  in_array() expects parameter 2 to be array, null given in /home/fahdikrie/bbbadi/2020-wordpress/public_html/wp-content/plugins/wp-graphql-acf-master/src/class-config.php on line 58
[05-Feb-2021 19:56:44 UTC] PHP Warning:  in_array() expects parameter 2 to be array, null given in /home/fahdikrie/bbbadi/2020-wordpress/public_html/wp-content/plugins/wp-graphql-acf-master/src/class-config.php on line 58
[05-Feb-2021 19:56:44 UTC] PHP Warning:  in_array() expects parameter 2 to be array, null given in /home/fahdikrie/bbbadi/2020-wordpress/public_html/wp-content/plugins/wp-graphql-acf-master/src/class-config.php on line 58
[05-Feb-2021 19:56:44 UTC] PHP Warning:  in_array() expects parameter 2 to be array, null given in /home/fahdikrie/bbbadi/2020-wordpress/public_html/wp-content/plugins/wp-graphql-acf-master/src/class-config.php on line 58
[05-Feb-2021 19:56:47 UTC] PHP Warning:  in_array() expects parameter 2 to be array, null given in /home/fahdikrie/bbbadi/2020-wordpress/public_html/wp-content/plugins/wp-graphql-acf-master/src/class-config.php on line 58
[05-Feb-2021 19:56:47 UTC] PHP Warning:  in_array() expects parameter 2 to be array, null given in /home/fahdikrie/bbbadi/2020-wordpress/public_html/wp-content/plugins/wp-graphql-acf-master/src/class-config.php on line 58
[05-Feb-2021 19:56:47 UTC] PHP Warning:  in_array() expects parameter 2 to be array, null given in /home/fahdikrie/bbbadi/2020-wordpress/public_html/wp-content/plugins/wp-graphql-acf-master/src/class-config.php on line 58
[05-Feb-2021 19:56:53 UTC] PHP Warning:  in_array() expects parameter 2 to be array, null given in /home/fahdikrie/bbbadi/2020-wordpress/public_html/wp-content/plugins/wp-graphql-acf-master/src/class-config.php on line 58
[05-Feb-2021 19:56:53 UTC] PHP Warning:  in_array() expects parameter 2 to be array, null given in /home/fahdikrie/bbbadi/2020-wordpress/public_html/wp-content/plugins/wp-graphql-acf-master/src/class-config.php on line 58
[05-Feb-2021 19:56:53 UTC] PHP Warning:  in_array() expects parameter 2 to be array, null given in /home/fahdikrie/bbbadi/2020-wordpress/public_html/wp-content/plugins/wp-graphql-acf-master/src/class-config.php on line 58
[05-Feb-2021 19:57:16 UTC] PHP Warning:  in_array() expects parameter 2 to be array, null given in /home/fahdikrie/bbbadi/2020-wordpress/public_html/wp-content/plugins/wp-graphql-acf-master/src/class-config.php on line 58
[05-Feb-2021 19:57:16 UTC] PHP Warning:  in_array() expects parameter 2 to be array, null given in /home/fahdikrie/bbbadi/2020-wordpress/public_html/wp-content/plugins/wp-graphql-acf-master/src/class-config.php on line 58
[05-Feb-2021 19:57:16 UTC] PHP Warning:  in_array() expects parameter 2 to be array, null given in /home/fahdikrie/bbbadi/2020-wordpress/public_html/wp-content/plugins/wp-graphql-acf-master/src/class-config.php on line 58
[05-Feb-2021 19:58:10 UTC] PHP Warning:  in_array() expects parameter 2 to be array, null given in /home/fahdikrie/bbbadi/2020-wordpress/public_html/wp-content/plugins/wp-graphql-acf-master/src/class-config.php on line 58
[05-Feb-2021 19:58:10 UTC] PHP Warning:  in_array() expects parameter 2 to be array, null given in /home/fahdikrie/bbbadi/2020-wordpress/public_html/wp-content/plugins/wp-graphql-acf-master/src/class-config.php on line 58
[05-Feb-2021 19:58:10 UTC] PHP Warning:  in_array() expects parameter 2 to be array, null given in /home/fahdikrie/bbbadi/2020-wordpress/public_html/wp-content/plugins/wp-graphql-acf-master/src/class-config.php on line 58
[05-Feb-2021 19:58:16 UTC] PHP Warning:  in_array() expects parameter 2 to be array, null given in /home/fahdikrie/bbbadi/2020-wordpress/public_html/wp-content/plugins/wp-graphql-acf-master/src/class-config.php on line 58
[05-Feb-2021 19:58:16 UTC] PHP Warning:  in_array() expects parameter 2 to be array, null given in /home/fahdikrie/bbbadi/2020-wordpress/public_html/wp-content/plugins/wp-graphql-acf-master/src/class-config.php on line 58
[05-Feb-2021 19:58:16 UTC] PHP Warning:  in_array() expects parameter 2 to be array, null given in /home/fahdikrie/bbbadi/2020-wordpress/public_html/wp-content/plugins/wp-graphql-acf-master/src/class-config.php on line 58
[05-Feb-2021 19:58:21 UTC] PHP Warning:  in_array() expects parameter 2 to be array, null given in /home/fahdikrie/bbbadi/2020-wordpress/public_html/wp-content/plugins/wp-graphql-acf-master/src/class-config.php on line 58
[05-Feb-2021 19:58:21 UTC] PHP Warning:  in_array() expects parameter 2 to be array, null given in /home/fahdikrie/bbbadi/2020-wordpress/public_html/wp-content/plugins/wp-graphql-acf-master/src/class-config.php on line 58
[05-Feb-2021 19:58:21 UTC] PHP Warning:  in_array() expects parameter 2 to be array, null given in /home/fahdikrie/bbbadi/2020-wordpress/public_html/wp-content/plugins/wp-graphql-acf-master/src/class-config.php on line 58
[05-Feb-2021 19:58:23 UTC] PHP Warning:  in_array() expects parameter 2 to be array, null given in /home/fahdikrie/bbbadi/2020-wordpress/public_html/wp-content/plugins/wp-graphql-acf-master/src/class-config.php on line 58
[05-Feb-2021 19:58:23 UTC] PHP Warning:  in_array() expects parameter 2 to be array, null given in /home/fahdikrie/bbbadi/2020-wordpress/public_html/wp-content/plugins/wp-graphql-acf-master/src/class-config.php on line 58
[05-Feb-2021 19:58:23 UTC] PHP Warning:  in_array() expects parameter 2 to be array, null given in /home/fahdikrie/bbbadi/2020-wordpress/public_html/wp-content/plugins/wp-graphql-acf-master/src/class-config.php on line 58
[05-Feb-2021 19:58:29 UTC] PHP Warning:  in_array() expects parameter 2 to be array, null given in /home/fahdikrie/bbbadi/2020-wordpress/public_html/wp-content/plugins/wp-graphql-acf-master/src/class-config.php on line 58
[05-Feb-2021 19:58:29 UTC] PHP Warning:  in_array() expects parameter 2 to be array, null given in /home/fahdikrie/bbbadi/2020-wordpress/public_html/wp-content/plugins/wp-graphql-acf-master/src/class-config.php on line 58
[05-Feb-2021 19:58:29 UTC] PHP Warning:  in_array() expects parameter 2 to be array, null given in /home/fahdikrie/bbbadi/2020-wordpress/public_html/wp-content/plugins/wp-graphql-acf-master/src/class-config.php on line 58
[05-Feb-2021 19:58:34 UTC] PHP Warning:  in_array() expects parameter 2 to be array, null given in /home/fahdikrie/bbbadi/2020-wordpress/public_html/wp-content/plugins/wp-graphql-acf-master/src/class-config.php on line 58
[05-Feb-2021 19:58:34 UTC] PHP Warning:  in_array() expects parameter 2 to be array, null given in /home/fahdikrie/bbbadi/2020-wordpress/public_html/wp-content/plugins/wp-graphql-acf-master/src/class-config.php on line 58
[05-Feb-2021 19:58:34 UTC] PHP Warning:  in_array() expects parameter 2 to be array, null given in /home/fahdikrie/bbbadi/2020-wordpress/public_html/wp-content/plugins/wp-graphql-acf-master/src/class-config.php on line 58
[05-Feb-2021 19:58:39 UTC] PHP Warning:  in_array() expects parameter 2 to be array, null given in /home/fahdikrie/bbbadi/2020-wordpress/public_html/wp-content/plugins/wp-graphql-acf-master/src/class-config.php on line 58
[05-Feb-2021 19:58:39 UTC] PHP Warning:  in_array() expects parameter 2 to be array, null given in /home/fahdikrie/bbbadi/2020-wordpress/public_html/wp-content/plugins/wp-graphql-acf-master/src/class-config.php on line 58
[05-Feb-2021 19:58:39 UTC] PHP Warning:  in_array() expects parameter 2 to be array, null given in /home/fahdikrie/bbbadi/2020-wordpress/public_html/wp-content/plugins/wp-graphql-acf-master/src/class-config.php on line 58
[05-Feb-2021 19:58:44 UTC] PHP Warning:  in_array() expects parameter 2 to be array, null given in /home/fahdikrie/bbbadi/2020-wordpress/public_html/wp-content/plugins/wp-graphql-acf-master/src/class-config.php on line 58
[05-Feb-2021 19:58:44 UTC] PHP Warning:  in_array() expects parameter 2 to be array, null given in /home/fahdikrie/bbbadi/2020-wordpress/public_html/wp-content/plugins/wp-graphql-acf-master/src/class-config.php on line 58
[05-Feb-2021 19:58:44 UTC] PHP Warning:  in_array() expects parameter 2 to be array, null given in /home/fahdikrie/bbbadi/2020-wordpress/public_html/wp-content/plugins/wp-graphql-acf-master/src/class-config.php on line 58
[05-Feb-2021 19:59:11 UTC] PHP Warning:  in_array() expects parameter 2 to be array, null given in /home/fahdikrie/bbbadi/2020-wordpress/public_html/wp-content/plugins/wp-graphql-acf-master/src/class-config.php on line 58
[05-Feb-2021 19:59:11 UTC] PHP Warning:  in_array() expects parameter 2 to be array, null given in /home/fahdikrie/bbbadi/2020-wordpress/public_html/wp-content/plugins/wp-graphql-acf-master/src/class-config.php on line 58
[05-Feb-2021 19:59:11 UTC] PHP Warning:  in_array() expects parameter 2 to be array, null given in /home/fahdikrie/bbbadi/2020-wordpress/public_html/wp-content/plugins/wp-graphql-acf-master/src/class-config.php on line 58
[05-Feb-2021 19:59:17 UTC] PHP Warning:  in_array() expects parameter 2 to be array, null given in /home/fahdikrie/bbbadi/2020-wordpress/public_html/wp-content/plugins/wp-graphql-acf-master/src/class-config.php on line 58
[05-Feb-2021 19:59:17 UTC] PHP Warning:  in_array() expects parameter 2 to be array, null given in /home/fahdikrie/bbbadi/2020-wordpress/public_html/wp-content/plugins/wp-graphql-acf-master/src/class-config.php on line 58
[05-Feb-2021 19:59:17 UTC] PHP Warning:  in_array() expects parameter 2 to be array, null given in /home/fahdikrie/bbbadi/2020-wordpress/public_html/wp-content/plugins/wp-graphql-acf-master/src/class-config.php on line 58
[05-Feb-2021 19:59:29 UTC] PHP Warning:  in_array() expects parameter 2 to be array, null given in /home/fahdikrie/bbbadi/2020-wordpress/public_html/wp-content/plugins/wp-graphql-acf-master/src/class-config.php on line 58
[05-Feb-2021 19:59:29 UTC] PHP Warning:  in_array() expects parameter 2 to be array, null given in /home/fahdikrie/bbbadi/2020-wordpress/public_html/wp-content/plugins/wp-graphql-acf-master/src/class-config.php on line 58
[05-Feb-2021 19:59:29 UTC] PHP Warning:  in_array() expects parameter 2 to be array, null given in /home/fahdikrie/bbbadi/2020-wordpress/public_html/wp-content/plugins/wp-graphql-acf-master/src/class-config.php on line 58
[05-Feb-2021 20:00:50 UTC] PHP Warning:  in_array() expects parameter 2 to be array, null given in /home/fahdikrie/bbbadi/2020-wordpress/public_html/wp-content/plugins/wp-graphql-acf-master/src/class-config.php on line 58
[05-Feb-2021 20:00:50 UTC] PHP Warning:  in_array() expects parameter 2 to be array, null given in /home/fahdikrie/bbbadi/2020-wordpress/public_html/wp-content/plugins/wp-graphql-acf-master/src/class-config.php on line 58
[05-Feb-2021 20:00:50 UTC] PHP Warning:  in_array() expects parameter 2 to be array, null given in /home/fahdikrie/bbbadi/2020-wordpress/public_html/wp-content/plugins/wp-graphql-acf-master/src/class-config.php on line 58
[05-Feb-2021 20:00:56 UTC] PHP Warning:  in_array() expects parameter 2 to be array, null given in /home/fahdikrie/bbbadi/2020-wordpress/public_html/wp-content/plugins/wp-graphql-acf-master/src/class-config.php on line 58
[05-Feb-2021 20:00:56 UTC] PHP Warning:  in_array() expects parameter 2 to be array, null given in /home/fahdikrie/bbbadi/2020-wordpress/public_html/wp-content/plugins/wp-graphql-acf-master/src/class-config.php on line 58
[05-Feb-2021 20:00:56 UTC] PHP Warning:  in_array() expects parameter 2 to be array, null given in /home/fahdikrie/bbbadi/2020-wordpress/public_html/wp-content/plugins/wp-graphql-acf-master/src/class-config.php on line 58
[05-Feb-2021 20:00:57 UTC] PHP Warning:  in_array() expects parameter 2 to be array, null given in /home/fahdikrie/bbbadi/2020-wordpress/public_html/wp-content/plugins/wp-graphql-acf-master/src/class-config.php on line 58
[05-Feb-2021 20:00:57 UTC] PHP Warning:  in_array() expects parameter 2 to be array, null given in /home/fahdikrie/bbbadi/2020-wordpress/public_html/wp-content/plugins/wp-graphql-acf-master/src/class-config.php on line 58
[05-Feb-2021 20:00:57 UTC] PHP Warning:  in_array() expects parameter 2 to be array, null given in /home/fahdikrie/bbbadi/2020-wordpress/public_html/wp-content/plugins/wp-graphql-acf-master/src/class-config.php on line 58
[05-Feb-2021 20:01:03 UTC] PHP Warning:  in_array() expects parameter 2 to be array, null given in /home/fahdikrie/bbbadi/2020-wordpress/public_html/wp-content/plugins/wp-graphql-acf-master/src/class-config.php on line 58
[05-Feb-2021 20:01:03 UTC] PHP Warning:  in_array() expects parameter 2 to be array, null given in /home/fahdikrie/bbbadi/2020-wordpress/public_html/wp-content/plugins/wp-graphql-acf-master/src/class-config.php on line 58
[05-Feb-2021 20:01:03 UTC] PHP Warning:  in_array() expects parameter 2 to be array, null given in /home/fahdikrie/bbbadi/2020-wordpress/public_html/wp-content/plugins/wp-graphql-acf-master/src/class-config.php on line 58
[05-Feb-2021 20:01:08 UTC] PHP Warning:  in_array() expects parameter 2 to be array, null given in /home/fahdikrie/bbbadi/2020-wordpress/public_html/wp-content/plugins/wp-graphql-acf-master/src/class-config.php on line 58
[05-Feb-2021 20:01:08 UTC] PHP Warning:  in_array() expects parameter 2 to be array, null given in /home/fahdikrie/bbbadi/2020-wordpress/public_html/wp-content/plugins/wp-graphql-acf-master/src/class-config.php on line 58
[05-Feb-2021 20:01:08 UTC] PHP Warning:  in_array() expects parameter 2 to be array, null given in /home/fahdikrie/bbbadi/2020-wordpress/public_html/wp-content/plugins/wp-graphql-acf-master/src/class-config.php on line 58
[05-Feb-2021 20:01:13 UTC] PHP Warning:  in_array() expects parameter 2 to be array, null given in /home/fahdikrie/bbbadi/2020-wordpress/public_html/wp-content/plugins/wp-graphql-acf-master/src/class-config.php on line 58
[05-Feb-2021 20:01:13 UTC] PHP Warning:  in_array() expects parameter 2 to be array, null given in /home/fahdikrie/bbbadi/2020-wordpress/public_html/wp-content/plugins/wp-graphql-acf-master/src/class-config.php on line 58
[05-Feb-2021 20:01:13 UTC] PHP Warning:  in_array() expects parameter 2 to be array, null given in /home/fahdikrie/bbbadi/2020-wordpress/public_html/wp-content/plugins/wp-graphql-acf-master/src/class-config.php on line 58
[05-Feb-2021 20:01:18 UTC] PHP Warning:  in_array() expects parameter 2 to be array, null given in /home/fahdikrie/bbbadi/2020-wordpress/public_html/wp-content/plugins/wp-graphql-acf-master/src/class-config.php on line 58
[05-Feb-2021 20:01:18 UTC] PHP Warning:  in_array() expects parameter 2 to be array, null given in /home/fahdikrie/bbbadi/2020-wordpress/public_html/wp-content/plugins/wp-graphql-acf-master/src/class-config.php on line 58
[05-Feb-2021 20:01:18 UTC] PHP Warning:  in_array() expects parameter 2 to be array, null given in /home/fahdikrie/bbbadi/2020-wordpress/public_html/wp-content/plugins/wp-graphql-acf-master/src/class-config.php on line 58
[05-Feb-2021 20:01:47 UTC] PHP Warning:  in_array() expects parameter 2 to be array, null given in /home/fahdikrie/bbbadi/2020-wordpress/public_html/wp-content/plugins/wp-graphql-acf-master/src/class-config.php on line 58
[05-Feb-2021 20:01:47 UTC] PHP Warning:  in_array() expects parameter 2 to be array, null given in /home/fahdikrie/bbbadi/2020-wordpress/public_html/wp-content/plugins/wp-graphql-acf-master/src/class-config.php on line 58
[05-Feb-2021 20:01:47 UTC] PHP Warning:  in_array() expects parameter 2 to be array, null given in /home/fahdikrie/bbbadi/2020-wordpress/public_html/wp-content/plugins/wp-graphql-acf-master/src/class-config.php on line 58
[05-Feb-2021 20:02:06 UTC] PHP Warning:  in_array() expects parameter 2 to be array, null given in /home/fahdikrie/bbbadi/2020-wordpress/public_html/wp-content/plugins/wp-graphql-acf-master/src/class-config.php on line 58
[05-Feb-2021 20:02:06 UTC] PHP Warning:  in_array() expects parameter 2 to be array, null given in /home/fahdikrie/bbbadi/2020-wordpress/public_html/wp-content/plugins/wp-graphql-acf-master/src/class-config.php on line 58
[05-Feb-2021 20:02:06 UTC] PHP Warning:  in_array() expects parameter 2 to be array, null given in /home/fahdikrie/bbbadi/2020-wordpress/public_html/wp-content/plugins/wp-graphql-acf-master/src/class-config.php on line 58
[05-Feb-2021 20:03:45 UTC] PHP Warning:  in_array() expects parameter 2 to be array, null given in /home/fahdikrie/bbbadi/2020-wordpress/public_html/wp-content/plugins/wp-graphql-acf-master/src/class-config.php on line 58
[05-Feb-2021 20:03:45 UTC] PHP Warning:  in_array() expects parameter 2 to be array, null given in /home/fahdikrie/bbbadi/2020-wordpress/public_html/wp-content/plugins/wp-graphql-acf-master/src/class-config.php on line 58
[05-Feb-2021 20:03:45 UTC] PHP Warning:  in_array() expects parameter 2 to be array, null given in /home/fahdikrie/bbbadi/2020-wordpress/public_html/wp-content/plugins/wp-graphql-acf-master/src/class-config.php on line 58
[05-Feb-2021 20:04:13 UTC] PHP Warning:  in_array() expects parameter 2 to be array, null given in /home/fahdikrie/bbbadi/2020-wordpress/public_html/wp-content/plugins/wp-graphql-acf-master/src/class-config.php on line 58
[05-Feb-2021 20:04:13 UTC] PHP Warning:  in_array() expects parameter 2 to be array, null given in /home/fahdikrie/bbbadi/2020-wordpress/public_html/wp-content/plugins/wp-graphql-acf-master/src/class-config.php on line 58
[05-Feb-2021 20:04:13 UTC] PHP Warning:  in_array() expects parameter 2 to be array, null given in /home/fahdikrie/bbbadi/2020-wordpress/public_html/wp-content/plugins/wp-graphql-acf-master/src/class-config.php on line 58
[05-Feb-2021 20:04:37 UTC] PHP Warning:  in_array() expects parameter 2 to be array, null given in /home/fahdikrie/bbbadi/2020-wordpress/public_html/wp-content/plugins/wp-graphql-acf-master/src/class-config.php on line 58
[05-Feb-2021 20:04:37 UTC] PHP Warning:  in_array() expects parameter 2 to be array, null given in /home/fahdikrie/bbbadi/2020-wordpress/public_html/wp-content/plugins/wp-graphql-acf-master/src/class-config.php on line 58
[05-Feb-2021 20:04:37 UTC] PHP Warning:  in_array() expects parameter 2 to be array, null given in /home/fahdikrie/bbbadi/2020-wordpress/public_html/wp-content/plugins/wp-graphql-acf-master/src/class-config.php on line 58
[05-Feb-2021 20:05:23 UTC] PHP Warning:  in_array() expects parameter 2 to be array, null given in /home/fahdikrie/bbbadi/2020-wordpress/public_html/wp-content/plugins/wp-graphql-acf-master/src/class-config.php on line 58
[05-Feb-2021 20:05:23 UTC] PHP Warning:  in_array() expects parameter 2 to be array, null given in /home/fahdikrie/bbbadi/2020-wordpress/public_html/wp-content/plugins/wp-graphql-acf-master/src/class-config.php on line 58
[05-Feb-2021 20:05:23 UTC] PHP Warning:  in_array() expects parameter 2 to be array, null given in /home/fahdikrie/bbbadi/2020-wordpress/public_html/wp-content/plugins/wp-graphql-acf-master/src/class-config.php on line 58
[05-Feb-2021 20:05:49 UTC] PHP Warning:  in_array() expects parameter 2 to be array, null given in /home/fahdikrie/bbbadi/2020-wordpress/public_html/wp-content/plugins/wp-graphql-acf-master/src/class-config.php on line 58
[05-Feb-2021 20:05:49 UTC] PHP Warning:  in_array() expects parameter 2 to be array, null given in /home/fahdikrie/bbbadi/2020-wordpress/public_html/wp-content/plugins/wp-graphql-acf-master/src/class-config.php on line 58
[05-Feb-2021 20:05:49 UTC] PHP Warning:  in_array() expects parameter 2 to be array, null given in /home/fahdikrie/bbbadi/2020-wordpress/public_html/wp-content/plugins/wp-graphql-acf-master/src/class-config.php on line 58
[05-Feb-2021 20:06:01 UTC] PHP Warning:  in_array() expects parameter 2 to be array, null given in /home/fahdikrie/bbbadi/2020-wordpress/public_html/wp-content/plugins/wp-graphql-acf-master/src/class-config.php on line 58
[05-Feb-2021 20:06:01 UTC] PHP Warning:  in_array() expects parameter 2 to be array, null given in /home/fahdikrie/bbbadi/2020-wordpress/public_html/wp-content/plugins/wp-graphql-acf-master/src/class-config.php on line 58
[05-Feb-2021 20:06:01 UTC] PHP Warning:  in_array() expects parameter 2 to be array, null given in /home/fahdikrie/bbbadi/2020-wordpress/public_html/wp-content/plugins/wp-graphql-acf-master/src/class-config.php on line 58
[05-Feb-2021 20:06:15 UTC] PHP Warning:  in_array() expects parameter 2 to be array, null given in /home/fahdikrie/bbbadi/2020-wordpress/public_html/wp-content/plugins/wp-graphql-acf-master/src/class-config.php on line 58
[05-Feb-2021 20:06:15 UTC] PHP Warning:  in_array() expects parameter 2 to be array, null given in /home/fahdikrie/bbbadi/2020-wordpress/public_html/wp-content/plugins/wp-graphql-acf-master/src/class-config.php on line 58
[05-Feb-2021 20:06:15 UTC] PHP Warning:  in_array() expects parameter 2 to be array, null given in /home/fahdikrie/bbbadi/2020-wordpress/public_html/wp-content/plugins/wp-graphql-acf-master/src/class-config.php on line 58
[05-Feb-2021 20:06:18 UTC] PHP Warning:  in_array() expects parameter 2 to be array, null given in /home/fahdikrie/bbbadi/2020-wordpress/public_html/wp-content/plugins/wp-graphql-acf-master/src/class-config.php on line 58
[05-Feb-2021 20:06:18 UTC] PHP Warning:  in_array() expects parameter 2 to be array, null given in /home/fahdikrie/bbbadi/2020-wordpress/public_html/wp-content/plugins/wp-graphql-acf-master/src/class-config.php on line 58
[05-Feb-2021 20:06:18 UTC] PHP Warning:  in_array() expects parameter 2 to be array, null given in /home/fahdikrie/bbbadi/2020-wordpress/public_html/wp-content/plugins/wp-graphql-acf-master/src/class-config.php on line 58
[05-Feb-2021 20:06:42 UTC] PHP Warning:  in_array() expects parameter 2 to be array, null given in /home/fahdikrie/bbbadi/2020-wordpress/public_html/wp-content/plugins/wp-graphql-acf-master/src/class-config.php on line 58
[05-Feb-2021 20:06:42 UTC] PHP Warning:  in_array() expects parameter 2 to be array, null given in /home/fahdikrie/bbbadi/2020-wordpress/public_html/wp-content/plugins/wp-graphql-acf-master/src/class-config.php on line 58
[05-Feb-2021 20:06:42 UTC] PHP Warning:  in_array() expects parameter 2 to be array, null given in /home/fahdikrie/bbbadi/2020-wordpress/public_html/wp-content/plugins/wp-graphql-acf-master/src/class-config.php on line 58
[05-Feb-2021 20:06:46 UTC] PHP Warning:  in_array() expects parameter 2 to be array, null given in /home/fahdikrie/bbbadi/2020-wordpress/public_html/wp-content/plugins/wp-graphql-acf-master/src/class-config.php on line 58
[05-Feb-2021 20:06:46 UTC] PHP Warning:  in_array() expects parameter 2 to be array, null given in /home/fahdikrie/bbbadi/2020-wordpress/public_html/wp-content/plugins/wp-graphql-acf-master/src/class-config.php on line 58
[05-Feb-2021 20:06:46 UTC] PHP Warning:  in_array() expects parameter 2 to be array, null given in /home/fahdikrie/bbbadi/2020-wordpress/public_html/wp-content/plugins/wp-graphql-acf-master/src/class-config.php on line 58
[05-Feb-2021 20:08:01 UTC] PHP Warning:  in_array() expects parameter 2 to be array, null given in /home/fahdikrie/bbbadi/2020-wordpress/public_html/wp-content/plugins/wp-graphql-acf-master/src/class-config.php on line 58
[05-Feb-2021 20:08:01 UTC] PHP Warning:  in_array() expects parameter 2 to be array, null given in /home/fahdikrie/bbbadi/2020-wordpress/public_html/wp-content/plugins/wp-graphql-acf-master/src/class-config.php on line 58
[05-Feb-2021 20:08:01 UTC] PHP Warning:  in_array() expects parameter 2 to be array, null given in /home/fahdikrie/bbbadi/2020-wordpress/public_html/wp-content/plugins/wp-graphql-acf-master/src/class-config.php on line 58
[05-Feb-2021 20:08:03 UTC] PHP Warning:  in_array() expects parameter 2 to be array, null given in /home/fahdikrie/bbbadi/2020-wordpress/public_html/wp-content/plugins/wp-graphql-acf-master/src/class-config.php on line 58
[05-Feb-2021 20:08:03 UTC] PHP Warning:  in_array() expects parameter 2 to be array, null given in /home/fahdikrie/bbbadi/2020-wordpress/public_html/wp-content/plugins/wp-graphql-acf-master/src/class-config.php on line 58
[05-Feb-2021 20:08:03 UTC] PHP Warning:  in_array() expects parameter 2 to be array, null given in /home/fahdikrie/bbbadi/2020-wordpress/public_html/wp-content/plugins/wp-graphql-acf-master/src/class-config.php on line 58
[05-Feb-2021 20:08:16 UTC] PHP Warning:  in_array() expects parameter 2 to be array, null given in /home/fahdikrie/bbbadi/2020-wordpress/public_html/wp-content/plugins/wp-graphql-acf-master/src/class-config.php on line 58
[05-Feb-2021 20:08:16 UTC] PHP Warning:  in_array() expects parameter 2 to be array, null given in /home/fahdikrie/bbbadi/2020-wordpress/public_html/wp-content/plugins/wp-graphql-acf-master/src/class-config.php on line 58
[05-Feb-2021 20:08:16 UTC] PHP Warning:  in_array() expects parameter 2 to be array, null given in /home/fahdikrie/bbbadi/2020-wordpress/public_html/wp-content/plugins/wp-graphql-acf-master/src/class-config.php on line 58
[05-Feb-2021 20:08:52 UTC] PHP Warning:  in_array() expects parameter 2 to be array, null given in /home/fahdikrie/bbbadi/2020-wordpress/public_html/wp-content/plugins/wp-graphql-acf-master/src/class-config.php on line 58
[05-Feb-2021 20:08:52 UTC] PHP Warning:  in_array() expects parameter 2 to be array, null given in /home/fahdikrie/bbbadi/2020-wordpress/public_html/wp-content/plugins/wp-graphql-acf-master/src/class-config.php on line 58
[05-Feb-2021 20:08:52 UTC] PHP Warning:  in_array() expects parameter 2 to be array, null given in /home/fahdikrie/bbbadi/2020-wordpress/public_html/wp-content/plugins/wp-graphql-acf-master/src/class-config.php on line 58
[05-Feb-2021 20:09:10 UTC] PHP Warning:  in_array() expects parameter 2 to be array, null given in /home/fahdikrie/bbbadi/2020-wordpress/public_html/wp-content/plugins/wp-graphql-acf-master/src/class-config.php on line 58
[05-Feb-2021 20:09:10 UTC] PHP Warning:  in_array() expects parameter 2 to be array, null given in /home/fahdikrie/bbbadi/2020-wordpress/public_html/wp-content/plugins/wp-graphql-acf-master/src/class-config.php on line 58
[05-Feb-2021 20:09:10 UTC] PHP Warning:  in_array() expects parameter 2 to be array, null given in /home/fahdikrie/bbbadi/2020-wordpress/public_html/wp-content/plugins/wp-graphql-acf-master/src/class-config.php on line 58
[05-Feb-2021 20:10:06 UTC] PHP Warning:  in_array() expects parameter 2 to be array, null given in /home/fahdikrie/bbbadi/2020-wordpress/public_html/wp-content/plugins/wp-graphql-acf-master/src/class-config.php on line 58
[05-Feb-2021 20:10:06 UTC] PHP Warning:  in_array() expects parameter 2 to be array, null given in /home/fahdikrie/bbbadi/2020-wordpress/public_html/wp-content/plugins/wp-graphql-acf-master/src/class-config.php on line 58
[05-Feb-2021 20:10:06 UTC] PHP Warning:  in_array() expects parameter 2 to be array, null given in /home/fahdikrie/bbbadi/2020-wordpress/public_html/wp-content/plugins/wp-graphql-acf-master/src/class-config.php on line 58
[05-Feb-2021 20:10:06 UTC] PHP Warning:  in_array() expects parameter 2 to be array, null given in /home/fahdikrie/bbbadi/2020-wordpress/public_html/wp-content/plugins/wp-graphql-acf-master/src/class-config.php on line 58
[05-Feb-2021 20:10:06 UTC] PHP Warning:  in_array() expects parameter 2 to be array, null given in /home/fahdikrie/bbbadi/2020-wordpress/public_html/wp-content/plugins/wp-graphql-acf-master/src/class-config.php on line 58
[05-Feb-2021 20:10:06 UTC] PHP Warning:  in_array() expects parameter 2 to be array, null given in /home/fahdikrie/bbbadi/2020-wordpress/public_html/wp-content/plugins/wp-graphql-acf-master/src/class-config.php on line 58
[05-Feb-2021 20:12:14 UTC] PHP Warning:  in_array() expects parameter 2 to be array, null given in /home/fahdikrie/bbbadi/2020-wordpress/public_html/wp-content/plugins/wp-graphql-acf-master/src/class-config.php on line 58
[05-Feb-2021 20:12:14 UTC] PHP Warning:  in_array() expects parameter 2 to be array, null given in /home/fahdikrie/bbbadi/2020-wordpress/public_html/wp-content/plugins/wp-graphql-acf-master/src/class-config.php on line 58
[05-Feb-2021 20:12:14 UTC] PHP Warning:  in_array() expects parameter 2 to be array, null given in /home/fahdikrie/bbbadi/2020-wordpress/public_html/wp-content/plugins/wp-graphql-acf-master/src/class-config.php on line 58
[05-Feb-2021 20:12:17 UTC] PHP Warning:  in_array() expects parameter 2 to be array, null given in /home/fahdikrie/bbbadi/2020-wordpress/public_html/wp-content/plugins/wp-graphql-acf-master/src/class-config.php on line 58
[05-Feb-2021 20:12:17 UTC] PHP Warning:  in_array() expects parameter 2 to be array, null given in /home/fahdikrie/bbbadi/2020-wordpress/public_html/wp-content/plugins/wp-graphql-acf-master/src/class-config.php on line 58
[05-Feb-2021 20:12:17 UTC] PHP Warning:  in_array() expects parameter 2 to be array, null given in /home/fahdikrie/bbbadi/2020-wordpress/public_html/wp-content/plugins/wp-graphql-acf-master/src/class-config.php on line 58
[05-Feb-2021 20:12:21 UTC] PHP Warning:  in_array() expects parameter 2 to be array, null given in /home/fahdikrie/bbbadi/2020-wordpress/public_html/wp-content/plugins/wp-graphql-acf-master/src/class-config.php on line 58
[05-Feb-2021 20:12:21 UTC] PHP Warning:  in_array() expects parameter 2 to be array, null given in /home/fahdikrie/bbbadi/2020-wordpress/public_html/wp-content/plugins/wp-graphql-acf-master/src/class-config.php on line 58
[05-Feb-2021 20:12:21 UTC] PHP Warning:  in_array() expects parameter 2 to be array, null given in /home/fahdikrie/bbbadi/2020-wordpress/public_html/wp-content/plugins/wp-graphql-acf-master/src/class-config.php on line 58
[05-Feb-2021 20:12:46 UTC] PHP Warning:  in_array() expects parameter 2 to be array, null given in /home/fahdikrie/bbbadi/2020-wordpress/public_html/wp-content/plugins/wp-graphql-acf-master/src/class-config.php on line 58
[05-Feb-2021 20:12:46 UTC] PHP Warning:  in_array() expects parameter 2 to be array, null given in /home/fahdikrie/bbbadi/2020-wordpress/public_html/wp-content/plugins/wp-graphql-acf-master/src/class-config.php on line 58
[05-Feb-2021 20:12:46 UTC] PHP Warning:  in_array() expects parameter 2 to be array, null given in /home/fahdikrie/bbbadi/2020-wordpress/public_html/wp-content/plugins/wp-graphql-acf-master/src/class-config.php on line 58
[05-Feb-2021 20:12:48 UTC] PHP Warning:  in_array() expects parameter 2 to be array, null given in /home/fahdikrie/bbbadi/2020-wordpress/public_html/wp-content/plugins/wp-graphql-acf-master/src/class-config.php on line 58
[05-Feb-2021 20:12:48 UTC] PHP Warning:  in_array() expects parameter 2 to be array, null given in /home/fahdikrie/bbbadi/2020-wordpress/public_html/wp-content/plugins/wp-graphql-acf-master/src/class-config.php on line 58
[05-Feb-2021 20:12:48 UTC] PHP Warning:  in_array() expects parameter 2 to be array, null given in /home/fahdikrie/bbbadi/2020-wordpress/public_html/wp-content/plugins/wp-graphql-acf-master/src/class-config.php on line 58
[05-Feb-2021 20:12:51 UTC] PHP Warning:  in_array() expects parameter 2 to be array, null given in /home/fahdikrie/bbbadi/2020-wordpress/public_html/wp-content/plugins/wp-graphql-acf-master/src/class-config.php on line 58
[05-Feb-2021 20:12:51 UTC] PHP Warning:  in_array() expects parameter 2 to be array, null given in /home/fahdikrie/bbbadi/2020-wordpress/public_html/wp-content/plugins/wp-graphql-acf-master/src/class-config.php on line 58
[05-Feb-2021 20:12:51 UTC] PHP Warning:  in_array() expects parameter 2 to be array, null given in /home/fahdikrie/bbbadi/2020-wordpress/public_html/wp-content/plugins/wp-graphql-acf-master/src/class-config.php on line 58
[05-Feb-2021 20:13:32 UTC] PHP Warning:  in_array() expects parameter 2 to be array, null given in /home/fahdikrie/bbbadi/2020-wordpress/public_html/wp-content/plugins/wp-graphql-acf-master/src/class-config.php on line 58
[05-Feb-2021 20:13:32 UTC] PHP Warning:  in_array() expects parameter 2 to be array, null given in /home/fahdikrie/bbbadi/2020-wordpress/public_html/wp-content/plugins/wp-graphql-acf-master/src/class-config.php on line 58
[05-Feb-2021 20:13:32 UTC] PHP Warning:  in_array() expects parameter 2 to be array, null given in /home/fahdikrie/bbbadi/2020-wordpress/public_html/wp-content/plugins/wp-graphql-acf-master/src/class-config.php on line 58
[05-Feb-2021 20:13:34 UTC] PHP Warning:  in_array() expects parameter 2 to be array, null given in /home/fahdikrie/bbbadi/2020-wordpress/public_html/wp-content/plugins/wp-graphql-acf-master/src/class-config.php on line 58
[05-Feb-2021 20:13:34 UTC] PHP Warning:  in_array() expects parameter 2 to be array, null given in /home/fahdikrie/bbbadi/2020-wordpress/public_html/wp-content/plugins/wp-graphql-acf-master/src/class-config.php on line 58
[05-Feb-2021 20:13:34 UTC] PHP Warning:  in_array() expects parameter 2 to be array, null given in /home/fahdikrie/bbbadi/2020-wordpress/public_html/wp-content/plugins/wp-graphql-acf-master/src/class-config.php on line 58
[05-Feb-2021 20:13:39 UTC] PHP Warning:  in_array() expects parameter 2 to be array, null given in /home/fahdikrie/bbbadi/2020-wordpress/public_html/wp-content/plugins/wp-graphql-acf-master/src/class-config.php on line 58
[05-Feb-2021 20:13:39 UTC] PHP Warning:  in_array() expects parameter 2 to be array, null given in /home/fahdikrie/bbbadi/2020-wordpress/public_html/wp-content/plugins/wp-graphql-acf-master/src/class-config.php on line 58
[05-Feb-2021 20:13:39 UTC] PHP Warning:  in_array() expects parameter 2 to be array, null given in /home/fahdikrie/bbbadi/2020-wordpress/public_html/wp-content/plugins/wp-graphql-acf-master/src/class-config.php on line 58
[05-Feb-2021 20:13:40 UTC] PHP Warning:  in_array() expects parameter 2 to be array, null given in /home/fahdikrie/bbbadi/2020-wordpress/public_html/wp-content/plugins/wp-graphql-acf-master/src/class-config.php on line 58
[05-Feb-2021 20:13:40 UTC] PHP Warning:  in_array() expects parameter 2 to be array, null given in /home/fahdikrie/bbbadi/2020-wordpress/public_html/wp-content/plugins/wp-graphql-acf-master/src/class-config.php on line 58
[05-Feb-2021 20:13:40 UTC] PHP Warning:  in_array() expects parameter 2 to be array, null given in /home/fahdikrie/bbbadi/2020-wordpress/public_html/wp-content/plugins/wp-graphql-acf-master/src/class-config.php on line 58
[05-Feb-2021 20:13:42 UTC] PHP Warning:  in_array() expects parameter 2 to be array, null given in /home/fahdikrie/bbbadi/2020-wordpress/public_html/wp-content/plugins/wp-graphql-acf-master/src/class-config.php on line 58
[05-Feb-2021 20:13:42 UTC] PHP Warning:  in_array() expects parameter 2 to be array, null given in /home/fahdikrie/bbbadi/2020-wordpress/public_html/wp-content/plugins/wp-graphql-acf-master/src/class-config.php on line 58
[05-Feb-2021 20:13:42 UTC] PHP Warning:  in_array() expects parameter 2 to be array, null given in /home/fahdikrie/bbbadi/2020-wordpress/public_html/wp-content/plugins/wp-graphql-acf-master/src/class-config.php on line 58
[05-Feb-2021 20:13:43 UTC] PHP Warning:  in_array() expects parameter 2 to be array, null given in /home/fahdikrie/bbbadi/2020-wordpress/public_html/wp-content/plugins/wp-graphql-acf-master/src/class-config.php on line 58
[05-Feb-2021 20:13:43 UTC] PHP Warning:  in_array() expects parameter 2 to be array, null given in /home/fahdikrie/bbbadi/2020-wordpress/public_html/wp-content/plugins/wp-graphql-acf-master/src/class-config.php on line 58
[05-Feb-2021 20:13:43 UTC] PHP Warning:  in_array() expects parameter 2 to be array, null given in /home/fahdikrie/bbbadi/2020-wordpress/public_html/wp-content/plugins/wp-graphql-acf-master/src/class-config.php on line 58
[05-Feb-2021 20:13:45 UTC] PHP Warning:  in_array() expects parameter 2 to be array, null given in /home/fahdikrie/bbbadi/2020-wordpress/public_html/wp-content/plugins/wp-graphql-acf-master/src/class-config.php on line 58
[05-Feb-2021 20:13:45 UTC] PHP Warning:  in_array() expects parameter 2 to be array, null given in /home/fahdikrie/bbbadi/2020-wordpress/public_html/wp-content/plugins/wp-graphql-acf-master/src/class-config.php on line 58
[05-Feb-2021 20:13:45 UTC] PHP Warning:  in_array() expects parameter 2 to be array, null given in /home/fahdikrie/bbbadi/2020-wordpress/public_html/wp-content/plugins/wp-graphql-acf-master/src/class-config.php on line 58
[05-Feb-2021 20:13:47 UTC] PHP Warning:  in_array() expects parameter 2 to be array, null given in /home/fahdikrie/bbbadi/2020-wordpress/public_html/wp-content/plugins/wp-graphql-acf-master/src/class-config.php on line 58
[05-Feb-2021 20:13:47 UTC] PHP Warning:  in_array() expects parameter 2 to be array, null given in /home/fahdikrie/bbbadi/2020-wordpress/public_html/wp-content/plugins/wp-graphql-acf-master/src/class-config.php on line 58
[05-Feb-2021 20:13:47 UTC] PHP Warning:  in_array() expects parameter 2 to be array, null given in /home/fahdikrie/bbbadi/2020-wordpress/public_html/wp-content/plugins/wp-graphql-acf-master/src/class-config.php on line 58
[05-Feb-2021 20:13:49 UTC] PHP Warning:  in_array() expects parameter 2 to be array, null given in /home/fahdikrie/bbbadi/2020-wordpress/public_html/wp-content/plugins/wp-graphql-acf-master/src/class-config.php on line 58
[05-Feb-2021 20:13:49 UTC] PHP Warning:  in_array() expects parameter 2 to be array, null given in /home/fahdikrie/bbbadi/2020-wordpress/public_html/wp-content/plugins/wp-graphql-acf-master/src/class-config.php on line 58
[05-Feb-2021 20:13:49 UTC] PHP Warning:  in_array() expects parameter 2 to be array, null given in /home/fahdikrie/bbbadi/2020-wordpress/public_html/wp-content/plugins/wp-graphql-acf-master/src/class-config.php on line 58
[05-Feb-2021 20:14:30 UTC] PHP Warning:  in_array() expects parameter 2 to be array, null given in /home/fahdikrie/bbbadi/2020-wordpress/public_html/wp-content/plugins/wp-graphql-acf-master/src/class-config.php on line 58
[05-Feb-2021 20:14:30 UTC] PHP Warning:  in_array() expects parameter 2 to be array, null given in /home/fahdikrie/bbbadi/2020-wordpress/public_html/wp-content/plugins/wp-graphql-acf-master/src/class-config.php on line 58
[05-Feb-2021 20:14:30 UTC] PHP Warning:  in_array() expects parameter 2 to be array, null given in /home/fahdikrie/bbbadi/2020-wordpress/public_html/wp-content/plugins/wp-graphql-acf-master/src/class-config.php on line 58
[05-Feb-2021 20:14:32 UTC] PHP Warning:  in_array() expects parameter 2 to be array, null given in /home/fahdikrie/bbbadi/2020-wordpress/public_html/wp-content/plugins/wp-graphql-acf-master/src/class-config.php on line 58
[05-Feb-2021 20:14:32 UTC] PHP Warning:  in_array() expects parameter 2 to be array, null given in /home/fahdikrie/bbbadi/2020-wordpress/public_html/wp-content/plugins/wp-graphql-acf-master/src/class-config.php on line 58
[05-Feb-2021 20:14:32 UTC] PHP Warning:  in_array() expects parameter 2 to be array, null given in /home/fahdikrie/bbbadi/2020-wordpress/public_html/wp-content/plugins/wp-graphql-acf-master/src/class-config.php on line 58
[05-Feb-2021 20:17:37 UTC] PHP Warning:  in_array() expects parameter 2 to be array, null given in /home/fahdikrie/bbbadi/2020-wordpress/public_html/wp-content/plugins/wp-graphql-acf-master/src/class-config.php on line 58
[05-Feb-2021 20:17:37 UTC] PHP Warning:  in_array() expects parameter 2 to be array, null given in /home/fahdikrie/bbbadi/2020-wordpress/public_html/wp-content/plugins/wp-graphql-acf-master/src/class-config.php on line 58
[05-Feb-2021 20:17:37 UTC] PHP Warning:  in_array() expects parameter 2 to be array, null given in /home/fahdikrie/bbbadi/2020-wordpress/public_html/wp-content/plugins/wp-graphql-acf-master/src/class-config.php on line 58
[05-Feb-2021 20:18:08 UTC] PHP Warning:  in_array() expects parameter 2 to be array, null given in /home/fahdikrie/bbbadi/2020-wordpress/public_html/wp-content/plugins/wp-graphql-acf-master/src/class-config.php on line 58
[05-Feb-2021 20:18:08 UTC] PHP Warning:  in_array() expects parameter 2 to be array, null given in /home/fahdikrie/bbbadi/2020-wordpress/public_html/wp-content/plugins/wp-graphql-acf-master/src/class-config.php on line 58
[05-Feb-2021 20:18:08 UTC] PHP Warning:  in_array() expects parameter 2 to be array, null given in /home/fahdikrie/bbbadi/2020-wordpress/public_html/wp-content/plugins/wp-graphql-acf-master/src/class-config.php on line 58
[05-Feb-2021 20:18:27 UTC] PHP Warning:  in_array() expects parameter 2 to be array, null given in /home/fahdikrie/bbbadi/2020-wordpress/public_html/wp-content/plugins/wp-graphql-acf-master/src/class-config.php on line 58
[05-Feb-2021 20:18:27 UTC] PHP Warning:  in_array() expects parameter 2 to be array, null given in /home/fahdikrie/bbbadi/2020-wordpress/public_html/wp-content/plugins/wp-graphql-acf-master/src/class-config.php on line 58
[05-Feb-2021 20:18:27 UTC] PHP Warning:  in_array() expects parameter 2 to be array, null given in /home/fahdikrie/bbbadi/2020-wordpress/public_html/wp-content/plugins/wp-graphql-acf-master/src/class-config.php on line 58
[05-Feb-2021 20:18:50 UTC] PHP Warning:  in_array() expects parameter 2 to be array, null given in /home/fahdikrie/bbbadi/2020-wordpress/public_html/wp-content/plugins/wp-graphql-acf-master/src/class-config.php on line 58
[05-Feb-2021 20:18:50 UTC] PHP Warning:  in_array() expects parameter 2 to be array, null given in /home/fahdikrie/bbbadi/2020-wordpress/public_html/wp-content/plugins/wp-graphql-acf-master/src/class-config.php on line 58
[05-Feb-2021 20:18:50 UTC] PHP Warning:  in_array() expects parameter 2 to be array, null given in /home/fahdikrie/bbbadi/2020-wordpress/public_html/wp-content/plugins/wp-graphql-acf-master/src/class-config.php on line 58
[05-Feb-2021 20:18:56 UTC] PHP Warning:  in_array() expects parameter 2 to be array, null given in /home/fahdikrie/bbbadi/2020-wordpress/public_html/wp-content/plugins/wp-graphql-acf-master/src/class-config.php on line 58
[05-Feb-2021 20:18:56 UTC] PHP Warning:  in_array() expects parameter 2 to be array, null given in /home/fahdikrie/bbbadi/2020-wordpress/public_html/wp-content/plugins/wp-graphql-acf-master/src/class-config.php on line 58
[05-Feb-2021 20:18:56 UTC] PHP Warning:  in_array() expects parameter 2 to be array, null given in /home/fahdikrie/bbbadi/2020-wordpress/public_html/wp-content/plugins/wp-graphql-acf-master/src/class-config.php on line 58
[05-Feb-2021 20:19:01 UTC] PHP Warning:  in_array() expects parameter 2 to be array, null given in /home/fahdikrie/bbbadi/2020-wordpress/public_html/wp-content/plugins/wp-graphql-acf-master/src/class-config.php on line 58
[05-Feb-2021 20:19:01 UTC] PHP Warning:  in_array() expects parameter 2 to be array, null given in /home/fahdikrie/bbbadi/2020-wordpress/public_html/wp-content/plugins/wp-graphql-acf-master/src/class-config.php on line 58
[05-Feb-2021 20:19:01 UTC] PHP Warning:  in_array() expects parameter 2 to be array, null given in /home/fahdikrie/bbbadi/2020-wordpress/public_html/wp-content/plugins/wp-graphql-acf-master/src/class-config.php on line 58
[05-Feb-2021 20:19:02 UTC] PHP Warning:  in_array() expects parameter 2 to be array, null given in /home/fahdikrie/bbbadi/2020-wordpress/public_html/wp-content/plugins/wp-graphql-acf-master/src/class-config.php on line 58
[05-Feb-2021 20:19:02 UTC] PHP Warning:  in_array() expects parameter 2 to be array, null given in /home/fahdikrie/bbbadi/2020-wordpress/public_html/wp-content/plugins/wp-graphql-acf-master/src/class-config.php on line 58
[05-Feb-2021 20:19:02 UTC] PHP Warning:  in_array() expects parameter 2 to be array, null given in /home/fahdikrie/bbbadi/2020-wordpress/public_html/wp-content/plugins/wp-graphql-acf-master/src/class-config.php on line 58
[05-Feb-2021 20:19:10 UTC] PHP Warning:  in_array() expects parameter 2 to be array, null given in /home/fahdikrie/bbbadi/2020-wordpress/public_html/wp-content/plugins/wp-graphql-acf-master/src/class-config.php on line 58
[05-Feb-2021 20:19:10 UTC] PHP Warning:  in_array() expects parameter 2 to be array, null given in /home/fahdikrie/bbbadi/2020-wordpress/public_html/wp-content/plugins/wp-graphql-acf-master/src/class-config.php on line 58
[05-Feb-2021 20:19:10 UTC] PHP Warning:  in_array() expects parameter 2 to be array, null given in /home/fahdikrie/bbbadi/2020-wordpress/public_html/wp-content/plugins/wp-graphql-acf-master/src/class-config.php on line 58
[05-Feb-2021 20:19:15 UTC] PHP Warning:  in_array() expects parameter 2 to be array, null given in /home/fahdikrie/bbbadi/2020-wordpress/public_html/wp-content/plugins/wp-graphql-acf-master/src/class-config.php on line 58
[05-Feb-2021 20:19:15 UTC] PHP Warning:  in_array() expects parameter 2 to be array, null given in /home/fahdikrie/bbbadi/2020-wordpress/public_html/wp-content/plugins/wp-graphql-acf-master/src/class-config.php on line 58
[05-Feb-2021 20:19:15 UTC] PHP Warning:  in_array() expects parameter 2 to be array, null given in /home/fahdikrie/bbbadi/2020-wordpress/public_html/wp-content/plugins/wp-graphql-acf-master/src/class-config.php on line 58
[06-Feb-2021 13:21:21 UTC] PHP Warning:  in_array() expects parameter 2 to be array, null given in /home/fahdikrie/bbbadi/2020-wordpress/public_html/wp-content/plugins/wp-graphql-acf-master/src/class-config.php on line 58
[06-Feb-2021 13:21:21 UTC] PHP Warning:  in_array() expects parameter 2 to be array, null given in /home/fahdikrie/bbbadi/2020-wordpress/public_html/wp-content/plugins/wp-graphql-acf-master/src/class-config.php on line 58
[06-Feb-2021 13:21:21 UTC] PHP Warning:  in_array() expects parameter 2 to be array, null given in /home/fahdikrie/bbbadi/2020-wordpress/public_html/wp-content/plugins/wp-graphql-acf-master/src/class-config.php on line 58
[06-Feb-2021 13:21:21 UTC] PHP Warning:  in_array() expects parameter 2 to be array, null given in /home/fahdikrie/bbbadi/2020-wordpress/public_html/wp-content/plugins/wp-graphql-acf-master/src/class-config.php on line 58
[06-Feb-2021 13:21:21 UTC] PHP Warning:  in_array() expects parameter 2 to be array, null given in /home/fahdikrie/bbbadi/2020-wordpress/public_html/wp-content/plugins/wp-graphql-acf-master/src/class-config.php on line 58
[06-Feb-2021 13:21:21 UTC] PHP Warning:  in_array() expects parameter 2 to be array, null given in /home/fahdikrie/bbbadi/2020-wordpress/public_html/wp-content/plugins/wp-graphql-acf-master/src/class-config.php on line 58
[06-Feb-2021 13:21:24 UTC] PHP Warning:  in_array() expects parameter 2 to be array, null given in /home/fahdikrie/bbbadi/2020-wordpress/public_html/wp-content/plugins/wp-graphql-acf-master/src/class-config.php on line 58
[06-Feb-2021 13:21:24 UTC] PHP Warning:  in_array() expects parameter 2 to be array, null given in /home/fahdikrie/bbbadi/2020-wordpress/public_html/wp-content/plugins/wp-graphql-acf-master/src/class-config.php on line 58
[06-Feb-2021 13:21:24 UTC] PHP Warning:  in_array() expects parameter 2 to be array, null given in /home/fahdikrie/bbbadi/2020-wordpress/public_html/wp-content/plugins/wp-graphql-acf-master/src/class-config.php on line 58
[06-Feb-2021 13:21:26 UTC] PHP Warning:  in_array() expects parameter 2 to be array, null given in /home/fahdikrie/bbbadi/2020-wordpress/public_html/wp-content/plugins/wp-graphql-acf-master/src/class-config.php on line 58
[06-Feb-2021 13:21:26 UTC] PHP Warning:  in_array() expects parameter 2 to be array, null given in /home/fahdikrie/bbbadi/2020-wordpress/public_html/wp-content/plugins/wp-graphql-acf-master/src/class-config.php on line 58
[06-Feb-2021 13:21:26 UTC] PHP Warning:  in_array() expects parameter 2 to be array, null given in /home/fahdikrie/bbbadi/2020-wordpress/public_html/wp-content/plugins/wp-graphql-acf-master/src/class-config.php on line 58
[06-Feb-2021 13:23:20 UTC] PHP Warning:  in_array() expects parameter 2 to be array, null given in /home/fahdikrie/bbbadi/2020-wordpress/public_html/wp-content/plugins/wp-graphql-acf-master/src/class-config.php on line 58
[06-Feb-2021 13:23:20 UTC] PHP Warning:  in_array() expects parameter 2 to be array, null given in /home/fahdikrie/bbbadi/2020-wordpress/public_html/wp-content/plugins/wp-graphql-acf-master/src/class-config.php on line 58
[06-Feb-2021 13:23:20 UTC] PHP Warning:  in_array() expects parameter 2 to be array, null given in /home/fahdikrie/bbbadi/2020-wordpress/public_html/wp-content/plugins/wp-graphql-acf-master/src/class-config.php on line 58
[06-Feb-2021 13:27:31 UTC] PHP Warning:  in_array() expects parameter 2 to be array, null given in /home/fahdikrie/bbbadi/2020-wordpress/public_html/wp-content/plugins/wp-graphql-acf-master/src/class-config.php on line 58
[06-Feb-2021 13:27:31 UTC] PHP Warning:  in_array() expects parameter 2 to be array, null given in /home/fahdikrie/bbbadi/2020-wordpress/public_html/wp-content/plugins/wp-graphql-acf-master/src/class-config.php on line 58
[06-Feb-2021 13:27:31 UTC] PHP Warning:  in_array() expects parameter 2 to be array, null given in /home/fahdikrie/bbbadi/2020-wordpress/public_html/wp-content/plugins/wp-graphql-acf-master/src/class-config.php on line 58
[06-Feb-2021 13:29:55 UTC] PHP Warning:  in_array() expects parameter 2 to be array, null given in /home/fahdikrie/bbbadi/2020-wordpress/public_html/wp-content/plugins/wp-graphql-acf-master/src/class-config.php on line 58
[06-Feb-2021 13:29:55 UTC] PHP Warning:  in_array() expects parameter 2 to be array, null given in /home/fahdikrie/bbbadi/2020-wordpress/public_html/wp-content/plugins/wp-graphql-acf-master/src/class-config.php on line 58
[06-Feb-2021 13:29:55 UTC] PHP Warning:  in_array() expects parameter 2 to be array, null given in /home/fahdikrie/bbbadi/2020-wordpress/public_html/wp-content/plugins/wp-graphql-acf-master/src/class-config.php on line 58
[06-Feb-2021 13:30:01 UTC] PHP Warning:  in_array() expects parameter 2 to be array, null given in /home/fahdikrie/bbbadi/2020-wordpress/public_html/wp-content/plugins/wp-graphql-acf-master/src/class-config.php on line 58
[06-Feb-2021 13:30:01 UTC] PHP Warning:  in_array() expects parameter 2 to be array, null given in /home/fahdikrie/bbbadi/2020-wordpress/public_html/wp-content/plugins/wp-graphql-acf-master/src/class-config.php on line 58
[06-Feb-2021 13:30:01 UTC] PHP Warning:  in_array() expects parameter 2 to be array, null given in /home/fahdikrie/bbbadi/2020-wordpress/public_html/wp-content/plugins/wp-graphql-acf-master/src/class-config.php on line 58
[06-Feb-2021 13:30:14 UTC] PHP Warning:  in_array() expects parameter 2 to be array, null given in /home/fahdikrie/bbbadi/2020-wordpress/public_html/wp-content/plugins/wp-graphql-acf-master/src/class-config.php on line 58
[06-Feb-2021 13:30:14 UTC] PHP Warning:  in_array() expects parameter 2 to be array, null given in /home/fahdikrie/bbbadi/2020-wordpress/public_html/wp-content/plugins/wp-graphql-acf-master/src/class-config.php on line 58
[06-Feb-2021 13:30:14 UTC] PHP Warning:  in_array() expects parameter 2 to be array, null given in /home/fahdikrie/bbbadi/2020-wordpress/public_html/wp-content/plugins/wp-graphql-acf-master/src/class-config.php on line 58
[06-Feb-2021 13:30:41 UTC] PHP Warning:  in_array() expects parameter 2 to be array, null given in /home/fahdikrie/bbbadi/2020-wordpress/public_html/wp-content/plugins/wp-graphql-acf-master/src/class-config.php on line 58
[06-Feb-2021 13:30:41 UTC] PHP Warning:  in_array() expects parameter 2 to be array, null given in /home/fahdikrie/bbbadi/2020-wordpress/public_html/wp-content/plugins/wp-graphql-acf-master/src/class-config.php on line 58
[06-Feb-2021 13:30:41 UTC] PHP Warning:  in_array() expects parameter 2 to be array, null given in /home/fahdikrie/bbbadi/2020-wordpress/public_html/wp-content/plugins/wp-graphql-acf-master/src/class-config.php on line 58
[08-Mar-2021 23:20:37 UTC] PHP Warning:  in_array() expects parameter 2 to be array, null given in /home/fahdikrie/bbbadi/2020-wordpress/public_html/wp-content/plugins/wp-graphql-acf-master/src/class-config.php on line 58
[08-Mar-2021 23:20:50 UTC] PHP Warning:  in_array() expects parameter 2 to be array, null given in /home/fahdikrie/bbbadi/2020-wordpress/public_html/wp-content/plugins/wp-graphql-acf-master/src/class-config.php on line 58
[08-Mar-2021 23:20:51 UTC] PHP Warning:  in_array() expects parameter 2 to be array, null given in /home/fahdikrie/bbbadi/2020-wordpress/public_html/wp-content/plugins/wp-graphql-acf-master/src/class-config.php on line 58
[08-Mar-2021 23:20:53 UTC] PHP Warning:  in_array() expects parameter 2 to be array, null given in /home/fahdikrie/bbbadi/2020-wordpress/public_html/wp-content/plugins/wp-graphql-acf-master/src/class-config.php on line 58
[08-Mar-2021 23:21:07 UTC] PHP Warning:  in_array() expects parameter 2 to be array, null given in /home/fahdikrie/bbbadi/2020-wordpress/public_html/wp-content/plugins/wp-graphql-acf-master/src/class-config.php on line 58
[08-Mar-2021 23:21:51 UTC] PHP Warning:  in_array() expects parameter 2 to be array, null given in /home/fahdikrie/bbbadi/2020-wordpress/public_html/wp-content/plugins/wp-graphql-acf-master/src/class-config.php on line 58
[08-Mar-2021 23:22:45 UTC] PHP Warning:  in_array() expects parameter 2 to be array, null given in /home/fahdikrie/bbbadi/2020-wordpress/public_html/wp-content/plugins/wp-graphql-acf-master/src/class-config.php on line 58
[08-Mar-2021 23:23:07 UTC] PHP Warning:  in_array() expects parameter 2 to be array, null given in /home/fahdikrie/bbbadi/2020-wordpress/public_html/wp-content/plugins/wp-graphql-acf-master/src/class-config.php on line 58
[08-Mar-2021 23:23:21 UTC] PHP Warning:  in_array() expects parameter 2 to be array, null given in /home/fahdikrie/bbbadi/2020-wordpress/public_html/wp-content/plugins/wp-graphql-acf-master/src/class-config.php on line 58
[08-Mar-2021 23:23:50 UTC] PHP Warning:  in_array() expects parameter 2 to be array, null given in /home/fahdikrie/bbbadi/2020-wordpress/public_html/wp-content/plugins/wp-graphql-acf-master/src/class-config.php on line 58
[08-Mar-2021 23:24:59 UTC] PHP Warning:  in_array() expects parameter 2 to be array, null given in /home/fahdikrie/bbbadi/2020-wordpress/public_html/wp-content/plugins/wp-graphql-acf-master/src/class-config.php on line 58
[08-Mar-2021 23:29:44 UTC] PHP Warning:  in_array() expects parameter 2 to be array, null given in /home/fahdikrie/bbbadi/2020-wordpress/public_html/wp-content/plugins/wp-graphql-acf-master/src/class-config.php on line 58
[08-Mar-2021 23:29:46 UTC] PHP Warning:  in_array() expects parameter 2 to be array, null given in /home/fahdikrie/bbbadi/2020-wordpress/public_html/wp-content/plugins/wp-graphql-acf-master/src/class-config.php on line 58
[08-Mar-2021 23:30:13 UTC] PHP Warning:  in_array() expects parameter 2 to be array, null given in /home/fahdikrie/bbbadi/2020-wordpress/public_html/wp-content/plugins/wp-graphql-acf-master/src/class-config.php on line 58
[08-Mar-2021 23:30:30 UTC] PHP Warning:  in_array() expects parameter 2 to be array, null given in /home/fahdikrie/bbbadi/2020-wordpress/public_html/wp-content/plugins/wp-graphql-acf-master/src/class-config.php on line 58
[08-Mar-2021 23:30:47 UTC] PHP Warning:  in_array() expects parameter 2 to be array, null given in /home/fahdikrie/bbbadi/2020-wordpress/public_html/wp-content/plugins/wp-graphql-acf-master/src/class-config.php on line 58
[08-Mar-2021 23:31:36 UTC] PHP Warning:  in_array() expects parameter 2 to be array, null given in /home/fahdikrie/bbbadi/2020-wordpress/public_html/wp-content/plugins/wp-graphql-acf-master/src/class-config.php on line 58
[08-Mar-2021 23:31:42 UTC] PHP Warning:  in_array() expects parameter 2 to be array, null given in /home/fahdikrie/bbbadi/2020-wordpress/public_html/wp-content/plugins/wp-graphql-acf-master/src/class-config.php on line 58
[08-Mar-2021 23:31:47 UTC] PHP Warning:  in_array() expects parameter 2 to be array, null given in /home/fahdikrie/bbbadi/2020-wordpress/public_html/wp-content/plugins/wp-graphql-acf-master/src/class-config.php on line 58
[08-Mar-2021 23:31:52 UTC] PHP Warning:  in_array() expects parameter 2 to be array, null given in /home/fahdikrie/bbbadi/2020-wordpress/public_html/wp-content/plugins/wp-graphql-acf-master/src/class-config.php on line 58
[08-Mar-2021 23:31:57 UTC] PHP Warning:  in_array() expects parameter 2 to be array, null given in /home/fahdikrie/bbbadi/2020-wordpress/public_html/wp-content/plugins/wp-graphql-acf-master/src/class-config.php on line 58
[08-Mar-2021 23:32:02 UTC] PHP Warning:  in_array() expects parameter 2 to be array, null given in /home/fahdikrie/bbbadi/2020-wordpress/public_html/wp-content/plugins/wp-graphql-acf-master/src/class-config.php on line 58
[08-Mar-2021 23:32:07 UTC] PHP Warning:  in_array() expects parameter 2 to be array, null given in /home/fahdikrie/bbbadi/2020-wordpress/public_html/wp-content/plugins/wp-graphql-acf-master/src/class-config.php on line 58
[08-Mar-2021 23:32:12 UTC] PHP Warning:  in_array() expects parameter 2 to be array, null given in /home/fahdikrie/bbbadi/2020-wordpress/public_html/wp-content/plugins/wp-graphql-acf-master/src/class-config.php on line 58
[08-Mar-2021 23:32:17 UTC] PHP Warning:  in_array() expects parameter 2 to be array, null given in /home/fahdikrie/bbbadi/2020-wordpress/public_html/wp-content/plugins/wp-graphql-acf-master/src/class-config.php on line 58
[08-Mar-2021 23:32:18 UTC] PHP Warning:  in_array() expects parameter 2 to be array, null given in /home/fahdikrie/bbbadi/2020-wordpress/public_html/wp-content/plugins/wp-graphql-acf-master/src/class-config.php on line 58
[08-Mar-2021 23:32:24 UTC] PHP Warning:  in_array() expects parameter 2 to be array, null given in /home/fahdikrie/bbbadi/2020-wordpress/public_html/wp-content/plugins/wp-graphql-acf-master/src/class-config.php on line 58
[08-Mar-2021 23:32:28 UTC] PHP Warning:  in_array() expects parameter 2 to be array, null given in /home/fahdikrie/bbbadi/2020-wordpress/public_html/wp-content/plugins/wp-graphql-acf-master/src/class-config.php on line 58
[08-Mar-2021 23:32:50 UTC] PHP Warning:  in_array() expects parameter 2 to be array, null given in /home/fahdikrie/bbbadi/2020-wordpress/public_html/wp-content/plugins/wp-graphql-acf-master/src/class-config.php on line 58
[08-Mar-2021 23:33:07 UTC] PHP Warning:  in_array() expects parameter 2 to be array, null given in /home/fahdikrie/bbbadi/2020-wordpress/public_html/wp-content/plugins/wp-graphql-acf-master/src/class-config.php on line 58
[08-Mar-2021 23:33:25 UTC] PHP Warning:  in_array() expects parameter 2 to be array, null given in /home/fahdikrie/bbbadi/2020-wordpress/public_html/wp-content/plugins/wp-graphql-acf-master/src/class-config.php on line 58
[08-Mar-2021 23:34:03 UTC] PHP Warning:  in_array() expects parameter 2 to be array, null given in /home/fahdikrie/bbbadi/2020-wordpress/public_html/wp-content/plugins/wp-graphql-acf-master/src/class-config.php on line 58
[08-Mar-2021 23:34:05 UTC] PHP Warning:  in_array() expects parameter 2 to be array, null given in /home/fahdikrie/bbbadi/2020-wordpress/public_html/wp-content/plugins/wp-graphql-acf-master/src/class-config.php on line 58
[08-Mar-2021 23:34:23 UTC] PHP Warning:  in_array() expects parameter 2 to be array, null given in /home/fahdikrie/bbbadi/2020-wordpress/public_html/wp-content/plugins/wp-graphql-acf-master/src/class-config.php on line 58
[08-Mar-2021 23:34:36 UTC] PHP Warning:  in_array() expects parameter 2 to be array, null given in /home/fahdikrie/bbbadi/2020-wordpress/public_html/wp-content/plugins/wp-graphql-acf-master/src/class-config.php on line 58
[08-Mar-2021 23:34:40 UTC] PHP Warning:  in_array() expects parameter 2 to be array, null given in /home/fahdikrie/bbbadi/2020-wordpress/public_html/wp-content/plugins/wp-graphql-acf-master/src/class-config.php on line 58
[08-Mar-2021 23:34:49 UTC] PHP Warning:  in_array() expects parameter 2 to be array, null given in /home/fahdikrie/bbbadi/2020-wordpress/public_html/wp-content/plugins/wp-graphql-acf-master/src/class-config.php on line 58
[08-Mar-2021 23:35:50 UTC] PHP Warning:  in_array() expects parameter 2 to be array, null given in /home/fahdikrie/bbbadi/2020-wordpress/public_html/wp-content/plugins/wp-graphql-acf-master/src/class-config.php on line 58
[08-Mar-2021 23:36:03 UTC] PHP Warning:  in_array() expects parameter 2 to be array, null given in /home/fahdikrie/bbbadi/2020-wordpress/public_html/wp-content/plugins/wp-graphql-acf-master/src/class-config.php on line 58
[08-Mar-2021 23:36:04 UTC] PHP Warning:  in_array() expects parameter 2 to be array, null given in /home/fahdikrie/bbbadi/2020-wordpress/public_html/wp-content/plugins/wp-graphql-acf-master/src/class-config.php on line 58
[08-Mar-2021 23:36:06 UTC] PHP Warning:  in_array() expects parameter 2 to be array, null given in /home/fahdikrie/bbbadi/2020-wordpress/public_html/wp-content/plugins/wp-graphql-acf-master/src/class-config.php on line 58
[08-Mar-2021 23:36:09 UTC] PHP Warning:  in_array() expects parameter 2 to be array, null given in /home/fahdikrie/bbbadi/2020-wordpress/public_html/wp-content/plugins/wp-graphql-acf-master/src/class-config.php on line 58
[08-Mar-2021 23:36:16 UTC] PHP Warning:  in_array() expects parameter 2 to be array, null given in /home/fahdikrie/bbbadi/2020-wordpress/public_html/wp-content/plugins/wp-graphql-acf-master/src/class-config.php on line 58
[08-Mar-2021 23:36:18 UTC] PHP Warning:  in_array() expects parameter 2 to be array, null given in /home/fahdikrie/bbbadi/2020-wordpress/public_html/wp-content/plugins/wp-graphql-acf-master/src/class-config.php on line 58
[08-Mar-2021 23:36:19 UTC] PHP Warning:  in_array() expects parameter 2 to be array, null given in /home/fahdikrie/bbbadi/2020-wordpress/public_html/wp-content/plugins/wp-graphql-acf-master/src/class-config.php on line 58
[08-Mar-2021 23:36:24 UTC] PHP Warning:  in_array() expects parameter 2 to be array, null given in /home/fahdikrie/bbbadi/2020-wordpress/public_html/wp-content/plugins/wp-graphql-acf-master/src/class-config.php on line 58
[08-Mar-2021 23:36:25 UTC] PHP Warning:  in_array() expects parameter 2 to be array, null given in /home/fahdikrie/bbbadi/2020-wordpress/public_html/wp-content/plugins/wp-graphql-acf-master/src/class-config.php on line 58
[08-Mar-2021 23:36:27 UTC] PHP Warning:  in_array() expects parameter 2 to be array, null given in /home/fahdikrie/bbbadi/2020-wordpress/public_html/wp-content/plugins/wp-graphql-acf-master/src/class-config.php on line 58
[08-Mar-2021 23:37:42 UTC] PHP Warning:  in_array() expects parameter 2 to be array, null given in /home/fahdikrie/bbbadi/2020-wordpress/public_html/wp-content/plugins/wp-graphql-acf-master/src/class-config.php on line 58
[08-Mar-2021 23:37:57 UTC] PHP Warning:  in_array() expects parameter 2 to be array, null given in /home/fahdikrie/bbbadi/2020-wordpress/public_html/wp-content/plugins/wp-graphql-acf-master/src/class-config.php on line 58
[08-Mar-2021 23:38:33 UTC] PHP Warning:  in_array() expects parameter 2 to be array, null given in /home/fahdikrie/bbbadi/2020-wordpress/public_html/wp-content/plugins/wp-graphql-acf-master/src/class-config.php on line 58
[08-Mar-2021 23:38:54 UTC] PHP Warning:  in_array() expects parameter 2 to be array, null given in /home/fahdikrie/bbbadi/2020-wordpress/public_html/wp-content/plugins/wp-graphql-acf-master/src/class-config.php on line 58
[08-Mar-2021 23:39:51 UTC] PHP Warning:  in_array() expects parameter 2 to be array, null given in /home/fahdikrie/bbbadi/2020-wordpress/public_html/wp-content/plugins/wp-graphql-acf-master/src/class-config.php on line 58
[08-Mar-2021 23:39:59 UTC] PHP Warning:  in_array() expects parameter 2 to be array, null given in /home/fahdikrie/bbbadi/2020-wordpress/public_html/wp-content/plugins/wp-graphql-acf-master/src/class-config.php on line 58
[08-Mar-2021 23:40:01 UTC] PHP Warning:  in_array() expects parameter 2 to be array, null given in /home/fahdikrie/bbbadi/2020-wordpress/public_html/wp-content/plugins/wp-graphql-acf-master/src/class-config.php on line 58
[08-Mar-2021 23:40:33 UTC] PHP Warning:  in_array() expects parameter 2 to be array, null given in /home/fahdikrie/bbbadi/2020-wordpress/public_html/wp-content/plugins/wp-graphql-acf-master/src/class-config.php on line 58
[08-Mar-2021 23:40:46 UTC] PHP Warning:  in_array() expects parameter 2 to be array, null given in /home/fahdikrie/bbbadi/2020-wordpress/public_html/wp-content/plugins/wp-graphql-acf-master/src/class-config.php on line 58
[08-Mar-2021 23:40:52 UTC] PHP Warning:  in_array() expects parameter 2 to be array, null given in /home/fahdikrie/bbbadi/2020-wordpress/public_html/wp-content/plugins/wp-graphql-acf-master/src/class-config.php on line 58
[08-Mar-2021 23:41:06 UTC] PHP Warning:  in_array() expects parameter 2 to be array, null given in /home/fahdikrie/bbbadi/2020-wordpress/public_html/wp-content/plugins/wp-graphql-acf-master/src/class-config.php on line 58
[08-Mar-2021 23:41:09 UTC] PHP Warning:  in_array() expects parameter 2 to be array, null given in /home/fahdikrie/bbbadi/2020-wordpress/public_html/wp-content/plugins/wp-graphql-acf-master/src/class-config.php on line 58
[08-Mar-2021 23:41:24 UTC] PHP Warning:  in_array() expects parameter 2 to be array, null given in /home/fahdikrie/bbbadi/2020-wordpress/public_html/wp-content/plugins/wp-graphql-acf-master/src/class-config.php on line 58
[08-Mar-2021 23:41:46 UTC] PHP Warning:  in_array() expects parameter 2 to be array, null given in /home/fahdikrie/bbbadi/2020-wordpress/public_html/wp-content/plugins/wp-graphql-acf-master/src/class-config.php on line 58
[08-Mar-2021 23:42:11 UTC] PHP Warning:  in_array() expects parameter 2 to be array, null given in /home/fahdikrie/bbbadi/2020-wordpress/public_html/wp-content/plugins/wp-graphql-acf-master/src/class-config.php on line 58
[08-Mar-2021 23:42:15 UTC] PHP Warning:  in_array() expects parameter 2 to be array, null given in /home/fahdikrie/bbbadi/2020-wordpress/public_html/wp-content/plugins/wp-graphql-acf-master/src/class-config.php on line 58
[08-Mar-2021 23:45:37 UTC] PHP Warning:  in_array() expects parameter 2 to be array, null given in /home/fahdikrie/bbbadi/2020-wordpress/public_html/wp-content/plugins/wp-graphql-acf-master/src/class-config.php on line 58
[08-Mar-2021 23:45:46 UTC] PHP Warning:  in_array() expects parameter 2 to be array, null given in /home/fahdikrie/bbbadi/2020-wordpress/public_html/wp-content/plugins/wp-graphql-acf-master/src/class-config.php on line 58
[08-Mar-2021 23:45:57 UTC] PHP Warning:  in_array() expects parameter 2 to be array, null given in /home/fahdikrie/bbbadi/2020-wordpress/public_html/wp-content/plugins/wp-graphql-acf-master/src/class-config.php on line 58
[08-Mar-2021 23:47:30 UTC] PHP Warning:  in_array() expects parameter 2 to be array, null given in /home/fahdikrie/bbbadi/2020-wordpress/public_html/wp-content/plugins/wp-graphql-acf-master/src/class-config.php on line 58
[08-Mar-2021 23:47:34 UTC] PHP Warning:  in_array() expects parameter 2 to be array, null given in /home/fahdikrie/bbbadi/2020-wordpress/public_html/wp-content/plugins/wp-graphql-acf-master/src/class-config.php on line 58
[08-Mar-2021 23:47:36 UTC] PHP Warning:  in_array() expects parameter 2 to be array, null given in /home/fahdikrie/bbbadi/2020-wordpress/public_html/wp-content/plugins/wp-graphql-acf-master/src/class-config.php on line 58
[08-Mar-2021 23:47:40 UTC] PHP Warning:  in_array() expects parameter 2 to be array, null given in /home/fahdikrie/bbbadi/2020-wordpress/public_html/wp-content/plugins/wp-graphql-acf-master/src/class-config.php on line 58
[08-Mar-2021 23:47:41 UTC] PHP Warning:  in_array() expects parameter 2 to be array, null given in /home/fahdikrie/bbbadi/2020-wordpress/public_html/wp-content/plugins/wp-graphql-acf-master/src/class-config.php on line 58
[08-Mar-2021 23:51:26 UTC] PHP Warning:  in_array() expects parameter 2 to be array, null given in /home/fahdikrie/bbbadi/2020-wordpress/public_html/wp-content/plugins/wp-graphql-acf-master/src/class-config.php on line 58
[09-Mar-2021 00:01:26 UTC] PHP Warning:  in_array() expects parameter 2 to be array, null given in /home/fahdikrie/bbbadi/2020-wordpress/public_html/wp-content/plugins/wp-graphql-acf-master/src/class-config.php on line 58
[09-Mar-2021 00:01:27 UTC] PHP Warning:  in_array() expects parameter 2 to be array, null given in /home/fahdikrie/bbbadi/2020-wordpress/public_html/wp-content/plugins/wp-graphql-acf-master/src/class-config.php on line 58
[09-Mar-2021 00:01:33 UTC] PHP Warning:  in_array() expects parameter 2 to be array, null given in /home/fahdikrie/bbbadi/2020-wordpress/public_html/wp-content/plugins/wp-graphql-acf-master/src/class-config.php on line 58
[09-Mar-2021 00:22:47 UTC] PHP Warning:  in_array() expects parameter 2 to be array, null given in /home/fahdikrie/bbbadi/2020-wordpress/public_html/wp-content/plugins/wp-graphql-acf-master/src/class-config.php on line 58
[09-Mar-2021 00:22:47 UTC] PHP Warning:  in_array() expects parameter 2 to be array, null given in /home/fahdikrie/bbbadi/2020-wordpress/public_html/wp-content/plugins/wp-graphql-acf-master/src/class-config.php on line 58
[09-Mar-2021 00:22:49 UTC] PHP Warning:  in_array() expects parameter 2 to be array, null given in /home/fahdikrie/bbbadi/2020-wordpress/public_html/wp-content/plugins/wp-graphql-acf-master/src/class-config.php on line 58
[09-Mar-2021 00:22:57 UTC] PHP Warning:  in_array() expects parameter 2 to be array, null given in /home/fahdikrie/bbbadi/2020-wordpress/public_html/wp-content/plugins/wp-graphql-acf-master/src/class-config.php on line 58
[09-Mar-2021 00:23:07 UTC] PHP Warning:  in_array() expects parameter 2 to be array, null given in /home/fahdikrie/bbbadi/2020-wordpress/public_html/wp-content/plugins/wp-graphql-acf-master/src/class-config.php on line 58
[09-Mar-2021 00:23:09 UTC] PHP Warning:  in_array() expects parameter 2 to be array, null given in /home/fahdikrie/bbbadi/2020-wordpress/public_html/wp-content/plugins/wp-graphql-acf-master/src/class-config.php on line 58
[09-Mar-2021 00:23:12 UTC] PHP Warning:  in_array() expects parameter 2 to be array, null given in /home/fahdikrie/bbbadi/2020-wordpress/public_html/wp-content/plugins/wp-graphql-acf-master/src/class-config.php on line 58
[09-Mar-2021 00:23:21 UTC] PHP Warning:  in_array() expects parameter 2 to be array, null given in /home/fahdikrie/bbbadi/2020-wordpress/public_html/wp-content/plugins/wp-graphql-acf-master/src/class-config.php on line 58
[09-Mar-2021 00:23:51 UTC] PHP Warning:  in_array() expects parameter 2 to be array, null given in /home/fahdikrie/bbbadi/2020-wordpress/public_html/wp-content/plugins/wp-graphql-acf-master/src/class-config.php on line 58
[09-Mar-2021 00:23:57 UTC] PHP Warning:  in_array() expects parameter 2 to be array, null given in /home/fahdikrie/bbbadi/2020-wordpress/public_html/wp-content/plugins/wp-graphql-acf-master/src/class-config.php on line 58
[09-Mar-2021 00:24:05 UTC] PHP Warning:  in_array() expects parameter 2 to be array, null given in /home/fahdikrie/bbbadi/2020-wordpress/public_html/wp-content/plugins/wp-graphql-acf-master/src/class-config.php on line 58
[09-Mar-2021 00:24:07 UTC] PHP Warning:  in_array() expects parameter 2 to be array, null given in /home/fahdikrie/bbbadi/2020-wordpress/public_html/wp-content/plugins/wp-graphql-acf-master/src/class-config.php on line 58
[09-Mar-2021 00:24:09 UTC] PHP Warning:  in_array() expects parameter 2 to be array, null given in /home/fahdikrie/bbbadi/2020-wordpress/public_html/wp-content/plugins/wp-graphql-acf-master/src/class-config.php on line 58
[09-Mar-2021 00:24:12 UTC] PHP Warning:  in_array() expects parameter 2 to be array, null given in /home/fahdikrie/bbbadi/2020-wordpress/public_html/wp-content/plugins/wp-graphql-acf-master/src/class-config.php on line 58
[09-Mar-2021 00:25:56 UTC] PHP Warning:  in_array() expects parameter 2 to be array, null given in /home/fahdikrie/bbbadi/2020-wordpress/public_html/wp-content/plugins/wp-graphql-acf-master/src/class-config.php on line 58
[09-Mar-2021 00:25:58 UTC] PHP Warning:  in_array() expects parameter 2 to be array, null given in /home/fahdikrie/bbbadi/2020-wordpress/public_html/wp-content/plugins/wp-graphql-acf-master/src/class-config.php on line 58
[09-Mar-2021 00:26:06 UTC] PHP Warning:  in_array() expects parameter 2 to be array, null given in /home/fahdikrie/bbbadi/2020-wordpress/public_html/wp-content/plugins/wp-graphql-acf-master/src/class-config.php on line 58
[09-Mar-2021 00:26:24 UTC] PHP Warning:  in_array() expects parameter 2 to be array, null given in /home/fahdikrie/bbbadi/2020-wordpress/public_html/wp-content/plugins/wp-graphql-acf-master/src/class-config.php on line 58
[09-Mar-2021 00:26:24 UTC] PHP Warning:  in_array() expects parameter 2 to be array, null given in /home/fahdikrie/bbbadi/2020-wordpress/public_html/wp-content/plugins/wp-graphql-acf-master/src/class-config.php on line 58
[09-Mar-2021 00:26:26 UTC] PHP Warning:  in_array() expects parameter 2 to be array, null given in /home/fahdikrie/bbbadi/2020-wordpress/public_html/wp-content/plugins/wp-graphql-acf-master/src/class-config.php on line 58
[09-Mar-2021 01:00:57 UTC] PHP Warning:  in_array() expects parameter 2 to be array, null given in /home/fahdikrie/bbbadi/2020-wordpress/public_html/wp-content/plugins/wp-graphql-acf-master/src/class-config.php on line 58
[09-Mar-2021 01:00:57 UTC] PHP Warning:  in_array() expects parameter 2 to be array, null given in /home/fahdikrie/bbbadi/2020-wordpress/public_html/wp-content/plugins/wp-graphql-acf-master/src/class-config.php on line 58
[09-Mar-2021 01:00:57 UTC] PHP Warning:  in_array() expects parameter 2 to be array, null given in /home/fahdikrie/bbbadi/2020-wordpress/public_html/wp-content/plugins/wp-graphql-acf-master/src/class-config.php on line 58
[09-Mar-2021 01:01:01 UTC] PHP Warning:  in_array() expects parameter 2 to be array, null given in /home/fahdikrie/bbbadi/2020-wordpress/public_html/wp-content/plugins/wp-graphql-acf-master/src/class-config.php on line 58
[09-Mar-2021 01:01:16 UTC] PHP Warning:  in_array() expects parameter 2 to be array, null given in /home/fahdikrie/bbbadi/2020-wordpress/public_html/wp-content/plugins/wp-graphql-acf-master/src/class-config.php on line 58
[09-Mar-2021 01:01:26 UTC] PHP Warning:  in_array() expects parameter 2 to be array, null given in /home/fahdikrie/bbbadi/2020-wordpress/public_html/wp-content/plugins/wp-graphql-acf-master/src/class-config.php on line 58
[09-Mar-2021 01:01:30 UTC] PHP Warning:  in_array() expects parameter 2 to be array, null given in /home/fahdikrie/bbbadi/2020-wordpress/public_html/wp-content/plugins/wp-graphql-acf-master/src/class-config.php on line 58
